<?xml version="1.0" encoding="UTF-8"?>
<testsuite name="JUnit Jupiter" tests="6" skipped="0" failures="0" errors="0" time="0.071" hostname="MUSTAFA" timestamp="2025-04-29T03:31:30">
<properties>
<property name="file.encoding" value="Cp1254"/>
<property name="file.separator" value="\"/>
<property name="java.class.path" value="lib/junit-platform-console-standalone-1.10.0.jar"/>
<property name="java.class.version" value="61.0"/>
<property name="java.home" value="C:\Program Files\Microsoft\jdk-17.0.14.7-hotspot"/>
<property name="java.io.tmpdir" value="C:\Users\musts\AppData\Local\Temp\"/>
<property name="java.library.path" value="C:\Program Files\Microsoft\jdk-17.0.14.7-hotspot\bin;C:\WINDOWS\Sun\Java\bin;C:\WINDOWS\system32;C:\WINDOWS;C:\Program Files\Microsoft\jdk-17.0.14.7-hotspot\bin;C:\Program Files\Common Files\Oracle\Java\javapath;C:\Program Files\BellSoft\LibericaJDK-22\bin\;C:\Program Files\Microsoft MPI\Bin\;C:\Program Files (x86)\Common Files\Intel\Shared Libraries\redist\intel64\compiler;C:\WINDOWS\system32;C:\WINDOWS;C:\WINDOWS\System32\Wbem;C:\WINDOWS\System32\WindowsPowerShell\v1.0\;C:\WINDOWS\System32\OpenSSH\;C:\Program Files\Microsoft SQL Server\150\Tools\Binn\;C:\Program Files\Microsoft SQL Server\Client SDK\ODBC\170\Tools\Binn\;C:\Program Files\dotnet\;C:\ProgramData\chocolatey\bin;C:\Users\musts\AppData\Local\Android\Sdk\platform-tools;C:\Program Files\nodejs;C:\Program Files\nodejs\node_modules;C:\MinGW\bin;C:\Users\musts\AppData\Local\Microsoft\WindowsApps;C:\Users\musts\.dotnet\tools;C:\Users\musts\AppData\Local\Programs\Microsoft VS Code\bin;C:\AppServ\Apache24\bin;C:\AppServ\php7;C:\AppServ\MySQL\bin;C:\Users\musts\AppData\Roaming\npm;C:\MinGW\mingw32\bin;C:\MinGW\bin\mingw32-make.exe;C:\MinGW\bin\gdb.exe;C:\composer;C:\Python39\;C:\Users\musts\AppData\Local\Programs\Python\Python312\;C:\Users\musts\AppData\Local\Programs\Python\Python312\Scripts;C:\Users\musts\AppData\Local\Programs\Python\Python313\Scripts\;C:\Users\musts\AppData\Local\Programs\Python\Python313\;C:\Program Files (x86)\Microsoft SQL Server\160\Tools\Binn\;C:\Program Files\Microsoft SQL Server\160\Tools\Binn\;C:\Program Files\Microsoft SQL Server\160\DTS\Binn\;C:\Program Files\Git\cmd;C:\MinGW\bin;C:\Program Files (x86)\Microsoft SQL Server\160\DTS\Binn\;C:\Program Files\Microsoft MPI\Bin;C:\Program Files (x86)\Microsoft SDKs\MPI;C:\Program Files (x86)\Windows Kits\10\Windows Performance Toolkit\;C:\Program Files\NVIDIA GPU Computing Toolkit\CUDA\v12.6\include;C:\Program Files\NVIDIA GPU Computing Toolkit\CUDA\v12.6\lib\x64;C:\Program Files\nodejs\;C:\Users\musts\AppData\Local\Programs\Python\Python312\;C:\Users\musts\AppData\Local\Programs\Python\Launcher\;C:\Program Files\Microsoft\jdk-17.0.10.7-hotspot\bin;C:\Program Files (x86)\Common Files\Intel\Shared Libraries\redist\intel64\compiler;C:\Program Files\Common Files\Oracle\Java\javapath;C:\WINDOWS\system32;C:\WINDOWS;C:\WINDOWS\System32\Wbem;C:\WINDOWS\System32\WindowsPowerShell\v1.0\;C:\WINDOWS\System32\OpenSSH\;C:\Program Files\Microsoft SQL Server\150\Tools\Binn\;C:\Program Files\Microsoft SQL Server\Client SDK\ODBC\170\Tools\Binn\;C:\Program Files\dotnet\;C:\ProgramData\chocolatey\bin;C:\Users\musts\AppData\Local\Android\Sdk\platform-tools;C:\Program Files\nodejs;C:\Program Files\nodejs\node_modules;C:\Program Files\Git\cmd;C:\Users\musts\AppData\Local\Microsoft\WindowsApps;C:\Users\musts\.dotnet\tools;C:\Users\musts\AppData\Local\Programs\Microsoft VS Code\bin;C:\Users\musts\AppData\Local\Android\Sdk\platform-tools;C:\AppServ\Apache24\bin;C:\AppServ\php7;C:\AppServ\MySQL\bin;C:\MinGW\bin;C:\MinGW\mingw32\bin;C:\MinGW\bin\mingw32-make.exe;C:\Users\musts\AppData\Roaming\Composer\vendor\bin;C:\Users\musts\AppData\Local\Programs\Python\Python313\Scripts;C:\Users\musts\AppData\Local\Programs\Python\Python312\;C:\Users\musts\AppData\Local\Programs\Python\Python313\;C:\MinGW\bin;C:\Program Files\Microsoft MPI\Bin;C:\Program Files (x86)\Microsoft SDKs\MPI;C:\Program Files\NVIDIA GPU Computing Toolkit\CUDA\v12.6\lib\x64;C:\Program Files\NVIDIA GPU Computing Toolkit\CUDA\v12.6\include;C:\Users\musts\AppData\Roaming\npm;C:\Program Files\JetBrains\PyCharm 2024.3.3\bin;;C:\Users\musts\AppData\Local\Programs\MiKTeX\miktex\bin\x64\;."/>
<property name="java.runtime.name" value="OpenJDK Runtime Environment"/>
<property name="java.runtime.version" value="17.0.14+7-LTS"/>
<property name="java.specification.maintenance.version" value="1"/>
<property name="java.specification.name" value="Java Platform API Specification"/>
<property name="java.specification.vendor" value="Oracle Corporation"/>
<property name="java.specification.version" value="17"/>
<property name="java.vendor" value="Microsoft"/>
<property name="java.vendor.url" value="https://www.microsoft.com"/>
<property name="java.vendor.url.bug" value="https://github.com/microsoft/openjdk/issues"/>
<property name="java.vendor.version" value="Microsoft-10800295"/>
<property name="java.version" value="17.0.14"/>
<property name="java.version.date" value="2025-01-21"/>
<property name="java.vm.compressedOopsMode" value="Zero based"/>
<property name="java.vm.info" value="mixed mode, sharing"/>
<property name="java.vm.name" value="OpenJDK 64-Bit Server VM"/>
<property name="java.vm.specification.name" value="Java Virtual Machine Specification"/>
<property name="java.vm.specification.vendor" value="Oracle Corporation"/>
<property name="java.vm.specification.version" value="17"/>
<property name="java.vm.vendor" value="Microsoft"/>
<property name="java.vm.version" value="17.0.14+7-LTS"/>
<property name="jdk.debug" value="release"/>
<property name="line.separator" value="
"/>
<property name="native.encoding" value="Cp1254"/>
<property name="os.arch" value="amd64"/>
<property name="os.name" value="Windows 11"/>
<property name="os.version" value="10.0"/>
<property name="path.separator" value=";"/>
<property name="sun.arch.data.model" value="64"/>
<property name="sun.boot.library.path" value="C:\Program Files\Microsoft\jdk-17.0.14.7-hotspot\bin"/>
<property name="sun.cpu.endian" value="little"/>
<property name="sun.cpu.isalist" value="amd64"/>
<property name="sun.io.unicode.encoding" value="UnicodeLittle"/>
<property name="sun.java.command" value="lib/junit-platform-console-standalone-1.10.0.jar --class-path target/classes --select-class test.AccountCreationTest --reports-dir reports"/>
<property name="sun.java.launcher" value="SUN_STANDARD"/>
<property name="sun.jnu.encoding" value="Cp1254"/>
<property name="sun.management.compiler" value="HotSpot 64-Bit Tiered Compilers"/>
<property name="sun.os.patch.level" value=""/>
<property name="sun.stderr.encoding" value="cp857"/>
<property name="sun.stdout.encoding" value="cp857"/>
<property name="user.country" value="US"/>
<property name="user.country.format" value="TR"/>
<property name="user.dir" value="C:\Users\musts\Desktop\AccountPageTests"/>
<property name="user.home" value="C:\Users\musts"/>
<property name="user.language" value="en"/>
<property name="user.language.format" value="tr"/>
<property name="user.name" value="musts"/>
<property name="user.script" value=""/>
<property name="user.timezone" value="Europe/Istanbul"/>
<property name="user.variant" value=""/>
</properties>
<testcase name="testEmailFormats()" classname="test.AccountCreationTest" time="0.001">
<system-out><![CDATA[
unique-id: [engine:junit-jupiter]/[class:test.AccountCreationTest]/[method:testEmailFormats()]
display-name: testEmailFormats()
]]></system-out>
</testcase>
<testcase name="testValidNames()" classname="test.AccountCreationTest" time="0">
<system-out><![CDATA[
unique-id: [engine:junit-jupiter]/[class:test.AccountCreationTest]/[method:testValidNames()]
display-name: testValidNames()
]]></system-out>
</testcase>
<testcase name="testDOBValidation()" classname="test.AccountCreationTest" time="0.001">
<system-out><![CDATA[
unique-id: [engine:junit-jupiter]/[class:test.AccountCreationTest]/[method:testDOBValidation()]
display-name: testDOBValidation()
]]></system-out>
</testcase>
<testcase name="testPasswordRules()" classname="test.AccountCreationTest" time="0.001">
<system-out><![CDATA[
unique-id: [engine:junit-jupiter]/[class:test.AccountCreationTest]/[method:testPasswordRules()]
display-name: testPasswordRules()
]]></system-out>
</testcase>
<testcase name="testPasswordMatch()" classname="test.AccountCreationTest" time="0.021">
<system-out><![CDATA[
unique-id: [engine:junit-jupiter]/[class:test.AccountCreationTest]/[method:testPasswordMatch()]
display-name: testPasswordMatch()
]]></system-out>
</testcase>
<testcase name="testInvalidNames()" classname="test.AccountCreationTest" time="0.001">
<system-out><![CDATA[
unique-id: [engine:junit-jupiter]/[class:test.AccountCreationTest]/[method:testInvalidNames()]
display-name: testInvalidNames()
]]></system-out>
</testcase>
<system-out><![CDATA[
unique-id: [engine:junit-jupiter]
display-name: JUnit Jupiter
]]></system-out>
</testsuite>
